c:\users\goose\source\repos\fsfilter1\fsfilter1\x64\debug\vc142.pdb
c:\users\goose\source\repos\fsfilter1\fsfilter1\x64\debug\fsfilter1.obj
c:\users\goose\source\repos\fsfilter1\fsfilter1\x64\debug\fsfilter1.res
c:\users\goose\source\repos\fsfilter1\fsfilter1\x64\debug\fsfilter1.inf
c:\users\goose\source\repos\fsfilter1\x64\debug\fsfilter1.inf
c:\users\goose\source\repos\fsfilter1\x64\debug\fsfilter1.pdb
c:\users\goose\source\repos\fsfilter1\fsfilter1\x64\debug\fsfilter1.tlog\cl.command.1.tlog
c:\users\goose\source\repos\fsfilter1\fsfilter1\x64\debug\fsfilter1.tlog\cl.read.1.tlog
c:\users\goose\source\repos\fsfilter1\fsfilter1\x64\debug\fsfilter1.tlog\cl.write.1.tlog
c:\users\goose\source\repos\fsfilter1\fsfilter1\x64\debug\fsfilter1.tlog\link-cvtres.read.1.tlog
c:\users\goose\source\repos\fsfilter1\fsfilter1\x64\debug\fsfilter1.tlog\link-cvtres.write.1.tlog
c:\users\goose\source\repos\fsfilter1\fsfilter1\x64\debug\fsfilter1.tlog\link.command.1.tlog
c:\users\goose\source\repos\fsfilter1\fsfilter1\x64\debug\fsfilter1.tlog\link.read.1.tlog
c:\users\goose\source\repos\fsfilter1\fsfilter1\x64\debug\fsfilter1.tlog\link.write.1.tlog
c:\users\goose\source\repos\fsfilter1\fsfilter1\x64\debug\fsfilter1.tlog\rc.command.1.tlog
c:\users\goose\source\repos\fsfilter1\fsfilter1\x64\debug\fsfilter1.tlog\rc.read.1.tlog
c:\users\goose\source\repos\fsfilter1\fsfilter1\x64\debug\fsfilter1.tlog\rc.write.1.tlog
c:\users\goose\source\repos\fsfilter1\fsfilter1\x64\debug\fsfilter1.tlog\stampinf.command.1.tlog
c:\users\goose\source\repos\fsfilter1\fsfilter1\x64\debug\fsfilter1.tlog\stampinf.read.1.tlog
c:\users\goose\source\repos\fsfilter1\fsfilter1\x64\debug\fsfilter1.tlog\stampinf.write.1.tlog
