  Building 'FsFilter1' with toolset 'WindowsKernelModeDriver10.0' and the 'Desktop' target platform.
  Stamping x64\Debug\FsFilter1.inf
  Stamping [Version] section with DriverVer=02/26/2023,9.41.11.508
C:\Users\option\source\repos\FsFilter1\FsFilter1\FsFilter1.inf : warning 1420: [DefaultInstall]-based INF cannot be processed as Primitive.
C:\Users\option\source\repos\FsFilter1\FsFilter1\FsFilter1.inf(25-25): warning 1421: Section [DefaultInstall] should have an architecture decoration.
C:\Users\option\source\repos\FsFilter1\FsFilter1\FsFilter1.inf(36-36): warning 1421: Section [DefaultUninstall] should have an architecture decoration.
C:\Users\option\source\repos\FsFilter1\FsFilter1\FsFilter1.inf(74-74): warning 1205: Section [MiniFilter.DriverFiles] referenced from DelFiles and CopyFiles directive.
  FsFilter1.c
  FsFilter1.vcxproj -> C:\Users\option\source\repos\FsFilter1\x64\Debug\FsFilter1.sys
  Done Adding Additional Store
  Successfully signed: C:\Users\option\source\repos\FsFilter1\x64\Debug\FsFilter1.sys
  
  ........................
  Signability test complete.
  
  Errors:
  None
  
  Warnings:
  None
  
  Catalog generation complete.
  C:\Users\option\source\repos\FsFilter1\x64\Debug\FsFilter1\fsfilter1.cat
  Done Adding Additional Store
  Successfully signed: C:\Users\option\source\repos\FsFilter1\x64\Debug\FsFilter1\fsfilter1.cat
  
